<?xml version="1.0" encoding="UTF-8"?>
<!-- Generated by org.testng.reporters.JUnitReportReporter -->
<testsuite hostname="DESKTOP-MQMJHOP" failures="0" tests="1" name="testng.Facebooklogin" time="25.463" errors="0" timestamp="2021-11-09T17:43:10 IST" skipped="0">
  <testcase classname="testng.Facebooklogin" name="loginpage" time="25.463"/>
  <system-out>
    <![CDATA[https://www.facebook.com/login/?privacy_mutation_token=eyJ0eXBlIjowLCJjcmVhdGlvbl90aW1lIjoxNjM2NDU5OTcwLCJjYWxsc2l0ZV9pZCI6MzgxMjI5MDc5NTc1OTQ2fQ%3D%3D
Facebook – log in or sign up]]>
  </system-out>
</testsuite> <!-- testng.Facebooklogin -->
